0 info it worked if it ends with ok
1 verbose cli [ '/Users/changxu/.nvm/versions/node/v7.4.0/bin/node',
1 verbose cli   '/Users/changxu/.nvm/versions/node/v7.4.0/bin/npm',
1 verbose cli   'view',
1 verbose cli   'maiziui' ]
2 info using npm@4.0.5
3 info using node@v7.4.0
4 silly mapToRegistry name maiziui
5 silly mapToRegistry using default registry
6 silly mapToRegistry registry https://registry.npmjs.org/
7 silly mapToRegistry data Result {
7 silly mapToRegistry   raw: 'maiziui',
7 silly mapToRegistry   scope: null,
7 silly mapToRegistry   escapedName: 'maiziui',
7 silly mapToRegistry   name: 'maiziui',
7 silly mapToRegistry   rawSpec: '',
7 silly mapToRegistry   spec: 'latest',
7 silly mapToRegistry   type: 'tag' }
8 silly mapToRegistry uri https://registry.npmjs.org/maiziui
9 verbose request uri https://registry.npmjs.org/maiziui
10 verbose request no auth needed
11 info attempt registry request try #1 at 17:38:27
12 verbose request using bearer token for auth
13 verbose request id 9346ff7da7860f73
14 http request GET https://registry.npmjs.org/maiziui
15 http 404 https://registry.npmjs.org/maiziui
16 verbose headers { 'content-type': 'application/json',
16 verbose headers   'cache-control': 'max-age=0',
16 verbose headers   'content-length': '2',
16 verbose headers   'accept-ranges': 'bytes',
16 verbose headers   date: 'Tue, 05 Sep 2017 09:38:20 GMT',
16 verbose headers   via: '1.1 varnish',
16 verbose headers   connection: 'keep-alive',
16 verbose headers   'x-served-by': 'cache-nrt6132-NRT',
16 verbose headers   'x-cache': 'MISS',
16 verbose headers   'x-cache-hits': '0',
16 verbose headers   'x-timer': 'S1504604299.168402,VS0,VE844',
16 verbose headers   vary: 'Accept-Encoding' }
17 silly get cb [ 404,
17 silly get   { 'content-type': 'application/json',
17 silly get     'cache-control': 'max-age=0',
17 silly get     'content-length': '2',
17 silly get     'accept-ranges': 'bytes',
17 silly get     date: 'Tue, 05 Sep 2017 09:38:20 GMT',
17 silly get     via: '1.1 varnish',
17 silly get     connection: 'keep-alive',
17 silly get     'x-served-by': 'cache-nrt6132-NRT',
17 silly get     'x-cache': 'MISS',
17 silly get     'x-cache-hits': '0',
17 silly get     'x-timer': 'S1504604299.168402,VS0,VE844',
17 silly get     vary: 'Accept-Encoding' } ]
18 verbose stack Error: Registry returned 404 for GET on https://registry.npmjs.org/maiziui
18 verbose stack     at makeError (/Users/changxu/.nvm/versions/node/v7.4.0/lib/node_modules/npm/node_modules/npm-registry-client/lib/request.js:302:12)
18 verbose stack     at CachingRegistryClient.<anonymous> (/Users/changxu/.nvm/versions/node/v7.4.0/lib/node_modules/npm/node_modules/npm-registry-client/lib/request.js:280:14)
18 verbose stack     at Request._callback (/Users/changxu/.nvm/versions/node/v7.4.0/lib/node_modules/npm/node_modules/npm-registry-client/lib/request.js:210:14)
18 verbose stack     at Request.self.callback (/Users/changxu/.nvm/versions/node/v7.4.0/lib/node_modules/npm/node_modules/request/request.js:186:22)
18 verbose stack     at emitTwo (events.js:106:13)
18 verbose stack     at Request.emit (events.js:191:7)
18 verbose stack     at Request.<anonymous> (/Users/changxu/.nvm/versions/node/v7.4.0/lib/node_modules/npm/node_modules/request/request.js:1081:10)
18 verbose stack     at emitOne (events.js:96:13)
18 verbose stack     at Request.emit (events.js:188:7)
18 verbose stack     at IncomingMessage.<anonymous> (/Users/changxu/.nvm/versions/node/v7.4.0/lib/node_modules/npm/node_modules/request/request.js:1001:12)
19 verbose statusCode 404
20 verbose pkgid maiziui
21 verbose cwd /Users/changxu/Documents/github/vue-component-extensions
22 error Darwin 16.5.0
23 error argv "/Users/changxu/.nvm/versions/node/v7.4.0/bin/node" "/Users/changxu/.nvm/versions/node/v7.4.0/bin/npm" "view" "maiziui"
24 error node v7.4.0
25 error npm  v4.0.5
26 error code E404
27 error 404 Registry returned 404 for GET on https://registry.npmjs.org/maiziui
28 error 404
29 error 404 'maiziui' is not in the npm registry.
30 error 404 You should bug the author to publish it (or use the name yourself!)
31 error 404 Note that you can also install from a
32 error 404 tarball, folder, http url, or git url.
33 verbose exit [ 1, true ]
